<?xml version="1.0" encoding="UTF-8"?>
<testsuite name="TestMatrix" tests="3" skipped="0" failures="0" errors="0" timestamp="2023-01-08T12:10:50" hostname="MARSH" time="0.056">
  <properties/>
  <testcase name="constructorsTest()" classname="TestMatrix" time="0.039"/>
  <testcase name="operatorsTest()" classname="TestMatrix" time="0.009"/>
  <testcase name="functionsTest()" classname="TestMatrix" time="0.006"/>
  <system-out><![CDATA[]]></system-out>
  <system-err><![CDATA[]]></system-err>
</testsuite>
